<?xml version="1.0" encoding="UTF-8"?>
<coverage generated="1583348647077" clover="3.2.0">
  <project timestamp="1583348647078" name="All files">
    <metrics statements="55" coveredstatements="28" conditionals="40" coveredconditionals="13" methods="4" coveredmethods="2" elements="99" coveredelements="43" complexity="0" loc="55" ncloc="55" packages="1" files="1" classes="1"/>
    <file name="hotp.ts" path="/home/thomas/dev/2fa/src/hotp.ts">
      <metrics statements="55" coveredstatements="28" conditionals="40" coveredconditionals="13" methods="4" coveredmethods="2"/>
      <line num="1" count="1" type="stmt"/>
      <line num="17" count="1" type="stmt"/>
      <line num="21" count="1" type="stmt"/>
      <line num="22" count="1" type="stmt"/>
      <line num="23" count="1" type="cond" truecount="2" falsecount="0"/>
      <line num="26" count="1" type="cond" truecount="1" falsecount="1"/>
      <line num="27" count="1" type="stmt"/>
      <line num="28" count="0" type="cond" truecount="0" falsecount="2"/>
      <line num="29" count="0" type="stmt"/>
      <line num="30" count="0" type="cond" truecount="0" falsecount="2"/>
      <line num="31" count="0" type="stmt"/>
      <line num="33" count="0" type="stmt"/>
      <line num="42" count="1" type="stmt"/>
      <line num="43" count="1" type="cond" truecount="3" falsecount="1"/>
      <line num="44" count="0" type="stmt"/>
      <line num="53" count="1" type="stmt"/>
      <line num="54" count="1" type="stmt"/>
      <line num="55" count="1" type="stmt"/>
      <line num="57" count="8" type="stmt"/>
      <line num="60" count="8" type="stmt"/>
      <line num="64" count="1" type="stmt"/>
      <line num="67" count="1" type="stmt"/>
      <line num="70" count="1" type="stmt"/>
      <line num="92" count="1" type="stmt"/>
      <line num="94" count="1" type="stmt"/>
      <line num="96" count="1" type="cond" truecount="3" falsecount="1"/>
      <line num="97" count="0" type="stmt"/>
      <line num="101" count="1" type="cond" truecount="2" falsecount="0"/>
      <line num="104" count="1" type="cond" truecount="2" falsecount="0"/>
      <line num="107" count="1" type="stmt"/>
      <line num="111" count="1" type="stmt"/>
      <line num="117" count="1" type="stmt"/>
      <line num="120" count="1" type="stmt"/>
      <line num="160" count="1" type="stmt"/>
      <line num="164" count="0" type="stmt"/>
      <line num="165" count="0" type="stmt"/>
      <line num="166" count="0" type="cond" truecount="0" falsecount="4"/>
      <line num="167" count="0" type="stmt"/>
      <line num="168" count="0" type="cond" truecount="0" falsecount="4"/>
      <line num="169" count="0" type="stmt"/>
      <line num="172" count="0" type="stmt"/>
      <line num="173" count="0" type="cond" truecount="0" falsecount="2"/>
      <line num="174" count="0" type="cond" truecount="0" falsecount="2"/>
      <line num="175" count="0" type="cond" truecount="0" falsecount="2"/>
      <line num="178" count="0" type="cond" truecount="0" falsecount="2"/>
      <line num="179" count="0" type="stmt"/>
      <line num="183" count="0" type="stmt"/>
      <line num="186" count="0" type="cond" truecount="0" falsecount="2"/>
      <line num="187" count="0" type="stmt"/>
      <line num="191" count="0" type="stmt"/>
      <line num="192" count="0" type="stmt"/>
      <line num="194" count="0" type="cond" truecount="0" falsecount="2"/>
      <line num="196" count="0" type="stmt"/>
      <line num="229" count="1" type="stmt"/>
      <line num="230" count="0" type="stmt"/>
    </file>
  </project>
</coverage>
