{"/home/thomas/dev/2fa/src/utils.ts": {"path":"/home/thomas/dev/2fa/src/utils.ts","statementMap":{"0":{"start":{"line":1,"column":0},"end":{"line":1,"column":36}},"1":{"start":{"line":2,"column":0},"end":{"line":2,"column":41}},"2":{"start":{"line":17,"column":4},"end":{"line":17,"column":26}},"3":{"start":{"line":18,"column":4},"end":{"line":18,"column":22}},"4":{"start":{"line":19,"column":4},"end":{"line":19,"column":26}},"5":{"start":{"line":23,"column":4},"end":{"line":23,"column":null}},"6":{"start":{"line":27,"column":4},"end":{"line":27,"column":null}},"7":{"start":{"line":31,"column":4},"end":{"line":31,"column":null}},"8":{"start":{"line":35,"column":19},"end":{"line":35,"column":43}},"9":{"start":{"line":36,"column":4},"end":{"line":36,"column":null}},"10":{"start":{"line":11,"column":0},"end":{"line":11,"column":13}},"11":{"start":{"line":49,"column":2},"end":{"line":49,"column":29}},"12":{"start":{"line":49,"column":16},"end":{"line":49,"column":29}},"13":{"start":{"line":50,"column":17},"end":{"line":50,"column":37}},"14":{"start":{"line":51,"column":18},"end":{"line":51,"column":42}},"15":{"start":{"line":52,"column":15},"end":{"line":52,"column":42}},"16":{"start":{"line":53,"column":17},"end":{"line":53,"column":37}},"17":{"start":{"line":56,"column":12},"end":{"line":56,"column":48}},"18":{"start":{"line":59,"column":29},"end":{"line":59,"column":61}},"19":{"start":{"line":61,"column":2},"end":{"line":61,"column":19}},"20":{"start":{"line":47,"column":0},"end":{"line":47,"column":16}},"21":{"start":{"line":69,"column":14},"end":{"line":69,"column":39}},"22":{"start":{"line":70,"column":12},"end":{"line":70,"column":75}},"23":{"start":{"line":71,"column":2},"end":{"line":73,"column":null}},"24":{"start":{"line":72,"column":4},"end":{"line":72,"column":36}},"25":{"start":{"line":75,"column":15},"end":{"line":75,"column":17}},"26":{"start":{"line":76,"column":2},"end":{"line":78,"column":null}},"27":{"start":{"line":76,"column":15},"end":{"line":76,"column":16}},"28":{"start":{"line":76,"column":22},"end":{"line":76,"column":34}},"29":{"start":{"line":77,"column":4},"end":{"line":77,"column":67}},"30":{"start":{"line":79,"column":2},"end":{"line":79,"column":16}},"31":{"start":{"line":68,"column":0},"end":{"line":68,"column":16}}},"fnMap":{"0":{"name":"(anonymous_7)","decl":{"start":{"line":16,"column":2},"end":{"line":16,"column":14}},"loc":{"start":{"line":16,"column":58},"end":{"line":20,"column":3}}},"1":{"name":"(anonymous_8)","decl":{"start":{"line":22,"column":2},"end":{"line":22,"column":6}},"loc":{"start":{"line":22,"column":12},"end":{"line":24,"column":3}}},"2":{"name":"(anonymous_9)","decl":{"start":{"line":26,"column":2},"end":{"line":26,"column":6}},"loc":{"start":{"line":26,"column":10},"end":{"line":28,"column":3}}},"3":{"name":"(anonymous_10)","decl":{"start":{"line":30,"column":2},"end":{"line":30,"column":6}},"loc":{"start":{"line":30,"column":12},"end":{"line":32,"column":3}}},"4":{"name":"(anonymous_11)","decl":{"start":{"line":34,"column":15},"end":{"line":34,"column":20}},"loc":{"start":{"line":34,"column":20},"end":{"line":37,"column":null}}},"5":{"name":"generateSecret","decl":{"start":{"line":47,"column":16},"end":{"line":47,"column":30}},"loc":{"start":{"line":47,"column":56},"end":{"line":62,"column":1}}},"6":{"name":"generateSecretASCII","decl":{"start":{"line":68,"column":16},"end":{"line":68,"column":35}},"loc":{"start":{"line":68,"column":70},"end":{"line":80,"column":1}}}},"branchMap":{"0":{"loc":{"start":{"line":49,"column":2},"end":{"line":49,"column":29}},"type":"if","locations":[{"start":{"line":49,"column":2},"end":{"line":49,"column":29}},{"start":{"line":49,"column":2},"end":{"line":49,"column":29}}]},"1":{"loc":{"start":{"line":50,"column":17},"end":{"line":50,"column":31}},"type":"binary-expr","locations":[{"start":{"line":50,"column":17},"end":{"line":50,"column":31}},{"start":{"line":50,"column":35},"end":{"line":50,"column":37}}]},"2":{"loc":{"start":{"line":51,"column":18},"end":{"line":51,"column":33}},"type":"binary-expr","locations":[{"start":{"line":51,"column":18},"end":{"line":51,"column":33}},{"start":{"line":51,"column":37},"end":{"line":51,"column":42}}]},"3":{"loc":{"start":{"line":52,"column":15},"end":{"line":52,"column":27}},"type":"binary-expr","locations":[{"start":{"line":52,"column":15},"end":{"line":52,"column":27}},{"start":{"line":52,"column":31},"end":{"line":52,"column":42}}]},"4":{"loc":{"start":{"line":53,"column":17},"end":{"line":53,"column":31}},"type":"binary-expr","locations":[{"start":{"line":53,"column":17},"end":{"line":53,"column":31}},{"start":{"line":53,"column":35},"end":{"line":53,"column":37}}]},"5":{"loc":{"start":{"line":69,"column":26},"end":{"line":69,"column":32}},"type":"binary-expr","locations":[{"start":{"line":69,"column":26},"end":{"line":69,"column":32}},{"start":{"line":69,"column":36},"end":{"line":69,"column":38}}]},"6":{"loc":{"start":{"line":71,"column":2},"end":{"line":73,"column":null}},"type":"if","locations":[{"start":{"line":71,"column":2},"end":{"line":73,"column":null}},{"start":{"line":71,"column":2},"end":{"line":73,"column":null}}]}},"s":{"0":1,"1":1,"2":1,"3":1,"4":1,"5":2,"6":0,"7":0,"8":0,"9":0,"10":1,"11":1,"12":1,"13":1,"14":1,"15":1,"16":1,"17":1,"18":1,"19":1,"20":1,"21":1,"22":1,"23":1,"24":0,"25":1,"26":1,"27":1,"28":1,"29":32,"30":1,"31":1},"f":{"0":1,"1":2,"2":0,"3":0,"4":0,"5":1,"6":1},"b":{"0":[1,0],"1":[1,1],"2":[1,1],"3":[1,1],"4":[1,1],"5":[1,0],"6":[0,1]}}
}
