{"/home/thomas/dev/2fa/src/hotp.ts": {"path":"/home/thomas/dev/2fa/src/hotp.ts","statementMap":{"0":{"start":{"line":1,"column":0},"end":{"line":1,"column":36}},"1":{"start":{"line":21,"column":15},"end":{"line":21,"column":29}},"2":{"start":{"line":22,"column":16},"end":{"line":22,"column":31}},"3":{"start":{"line":23,"column":18},"end":{"line":23,"column":61}},"4":{"start":{"line":26,"column":2},"end":{"line":38,"column":null}},"5":{"start":{"line":27,"column":4},"end":{"line":27,"column":28}},"6":{"start":{"line":28,"column":9},"end":{"line":38,"column":null}},"7":{"start":{"line":29,"column":4},"end":{"line":29,"column":28}},"8":{"start":{"line":30,"column":9},"end":{"line":38,"column":null}},"9":{"start":{"line":31,"column":4},"end":{"line":31,"column":28}},"10":{"start":{"line":33,"column":4},"end":{"line":37,"column":6}},"11":{"start":{"line":42,"column":29},"end":{"line":42,"column":48}},"12":{"start":{"line":43,"column":2},"end":{"line":50,"column":null}},"13":{"start":{"line":44,"column":4},"end":{"line":49,"column":35}},"14":{"start":{"line":53,"column":12},"end":{"line":53,"column":25}},"15":{"start":{"line":54,"column":12},"end":{"line":54,"column":19}},"16":{"start":{"line":55,"column":2},"end":{"line":61,"column":null}},"17":{"start":{"line":57,"column":4},"end":{"line":57,"column":28}},"18":{"start":{"line":60,"column":4},"end":{"line":60,"column":19}},"19":{"start":{"line":64,"column":13},"end":{"line":64,"column":48}},"20":{"start":{"line":67,"column":2},"end":{"line":67,"column":19}},"21":{"start":{"line":70,"column":2},"end":{"line":70,"column":23}},"22":{"start":{"line":17,"column":0},"end":{"line":17,"column":16}},"23":{"start":{"line":94,"column":16},"end":{"line":94,"column":31}},"24":{"start":{"line":96,"column":2},"end":{"line":98,"column":null}},"25":{"start":{"line":97,"column":4},"end":{"line":97,"column":58}},"26":{"start":{"line":101,"column":17},"end":{"line":101,"column":36}},"27":{"start":{"line":104,"column":19},"end":{"line":104,"column":52}},"28":{"start":{"line":107,"column":15},"end":{"line":107,"column":54}},"29":{"start":{"line":111,"column":4},"end":{"line":114,"column":35}},"30":{"start":{"line":117,"column":20},"end":{"line":117,"column":71}},"31":{"start":{"line":120,"column":2},"end":{"line":120,"column":35}},"32":{"start":{"line":92,"column":0},"end":{"line":92,"column":16}},"33":{"start":{"line":164,"column":15},"end":{"line":164,"column":29}},"34":{"start":{"line":165,"column":14},"end":{"line":165,"column":27}},"35":{"start":{"line":166,"column":2},"end":{"line":167,"column":69}},"36":{"start":{"line":167,"column":4},"end":{"line":167,"column":69}},"37":{"start":{"line":168,"column":2},"end":{"line":169,"column":68}},"38":{"start":{"line":169,"column":4},"end":{"line":169,"column":68}},"39":{"start":{"line":172,"column":14},"end":{"line":172,"column":27}},"40":{"start":{"line":173,"column":15},"end":{"line":173,"column":34}},"41":{"start":{"line":174,"column":15},"end":{"line":174,"column":34}},"42":{"start":{"line":175,"column":16},"end":{"line":175,"column":36}},"43":{"start":{"line":178,"column":2},"end":{"line":180,"column":null}},"44":{"start":{"line":179,"column":4},"end":{"line":179,"column":11}},"45":{"start":{"line":183,"column":22},"end":{"line":183,"column":41}},"46":{"start":{"line":186,"column":2},"end":{"line":188,"column":null}},"47":{"start":{"line":187,"column":4},"end":{"line":187,"column":11}},"48":{"start":{"line":191,"column":2},"end":{"line":198,"column":null}},"49":{"start":{"line":192,"column":4},"end":{"line":192,"column":24}},"50":{"start":{"line":194,"column":4},"end":{"line":197,"column":null}},"51":{"start":{"line":196,"column":6},"end":{"line":196,"column":36}},"52":{"start":{"line":160,"column":0},"end":{"line":160,"column":16}},"53":{"start":{"line":230,"column":2},"end":{"line":230,"column":42}},"54":{"start":{"line":229,"column":0},"end":{"line":229,"column":16}}},"fnMap":{"0":{"name":"digest","decl":{"start":{"line":17,"column":16},"end":{"line":17,"column":22}},"loc":{"start":{"line":17,"column":47},"end":{"line":71,"column":1}}},"1":{"name":"hotpGenerate","decl":{"start":{"line":92,"column":16},"end":{"line":92,"column":28}},"loc":{"start":{"line":92,"column":53},"end":{"line":121,"column":1}}},"2":{"name":"hotpVerifyDelta","decl":{"start":{"line":160,"column":16},"end":{"line":160,"column":31}},"loc":{"start":{"line":160,"column":54},"end":{"line":201,"column":1}}},"3":{"name":"hotpVerify","decl":{"start":{"line":229,"column":16},"end":{"line":229,"column":26}},"loc":{"start":{"line":229,"column":49},"end":{"line":231,"column":1}}}},"branchMap":{"0":{"loc":{"start":{"line":23,"column":19},"end":{"line":23,"column":36}},"type":"binary-expr","locations":[{"start":{"line":23,"column":19},"end":{"line":23,"column":36}},{"start":{"line":23,"column":40},"end":{"line":23,"column":46}}]},"1":{"loc":{"start":{"line":26,"column":2},"end":{"line":38,"column":null}},"type":"if","locations":[{"start":{"line":26,"column":2},"end":{"line":38,"column":null}},{"start":{"line":26,"column":2},"end":{"line":38,"column":null}}]},"2":{"loc":{"start":{"line":28,"column":9},"end":{"line":38,"column":null}},"type":"if","locations":[{"start":{"line":28,"column":9},"end":{"line":38,"column":null}},{"start":{"line":28,"column":9},"end":{"line":38,"column":null}}]},"3":{"loc":{"start":{"line":30,"column":9},"end":{"line":38,"column":null}},"type":"if","locations":[{"start":{"line":30,"column":9},"end":{"line":38,"column":null}},{"start":{"line":30,"column":9},"end":{"line":38,"column":null}}]},"4":{"loc":{"start":{"line":43,"column":2},"end":{"line":50,"column":null}},"type":"if","locations":[{"start":{"line":43,"column":2},"end":{"line":50,"column":null}},{"start":{"line":43,"column":2},"end":{"line":50,"column":null}}]},"5":{"loc":{"start":{"line":43,"column":6},"end":{"line":43,"column":24}},"type":"binary-expr","locations":[{"start":{"line":43,"column":6},"end":{"line":43,"column":24}},{"start":{"line":43,"column":28},"end":{"line":43,"column":64}}]},"6":{"loc":{"start":{"line":96,"column":2},"end":{"line":98,"column":null}},"type":"if","locations":[{"start":{"line":96,"column":2},"end":{"line":98,"column":null}},{"start":{"line":96,"column":2},"end":{"line":98,"column":null}}]},"7":{"loc":{"start":{"line":96,"column":6},"end":{"line":96,"column":22}},"type":"binary-expr","locations":[{"start":{"line":96,"column":6},"end":{"line":96,"column":22}},{"start":{"line":96,"column":26},"end":{"line":96,"column":56}}]},"8":{"loc":{"start":{"line":101,"column":17},"end":{"line":101,"column":31}},"type":"binary-expr","locations":[{"start":{"line":101,"column":17},"end":{"line":101,"column":31}},{"start":{"line":101,"column":35},"end":{"line":101,"column":36}}]},"9":{"loc":{"start":{"line":104,"column":19},"end":{"line":104,"column":33}},"type":"binary-expr","locations":[{"start":{"line":104,"column":19},"end":{"line":104,"column":33}},{"start":{"line":104,"column":37},"end":{"line":104,"column":52}}]},"10":{"loc":{"start":{"line":166,"column":2},"end":{"line":167,"column":69}},"type":"if","locations":[{"start":{"line":166,"column":2},"end":{"line":167,"column":69}},{"start":{"line":166,"column":2},"end":{"line":167,"column":69}}]},"11":{"loc":{"start":{"line":166,"column":6},"end":{"line":166,"column":21}},"type":"binary-expr","locations":[{"start":{"line":166,"column":6},"end":{"line":166,"column":21}},{"start":{"line":166,"column":25},"end":{"line":166,"column":54}}]},"12":{"loc":{"start":{"line":168,"column":2},"end":{"line":169,"column":68}},"type":"if","locations":[{"start":{"line":168,"column":2},"end":{"line":169,"column":68}},{"start":{"line":168,"column":2},"end":{"line":169,"column":68}}]},"13":{"loc":{"start":{"line":168,"column":6},"end":{"line":168,"column":20}},"type":"binary-expr","locations":[{"start":{"line":168,"column":6},"end":{"line":168,"column":20}},{"start":{"line":168,"column":24},"end":{"line":168,"column":52}}]},"14":{"loc":{"start":{"line":173,"column":15},"end":{"line":173,"column":29}},"type":"binary-expr","locations":[{"start":{"line":173,"column":15},"end":{"line":173,"column":29}},{"start":{"line":173,"column":33},"end":{"line":173,"column":34}}]},"15":{"loc":{"start":{"line":174,"column":15},"end":{"line":174,"column":29}},"type":"binary-expr","locations":[{"start":{"line":174,"column":15},"end":{"line":174,"column":29}},{"start":{"line":174,"column":33},"end":{"line":174,"column":34}}]},"16":{"loc":{"start":{"line":175,"column":16},"end":{"line":175,"column":31}},"type":"binary-expr","locations":[{"start":{"line":175,"column":16},"end":{"line":175,"column":31}},{"start":{"line":175,"column":35},"end":{"line":175,"column":36}}]},"17":{"loc":{"start":{"line":178,"column":2},"end":{"line":180,"column":null}},"type":"if","locations":[{"start":{"line":178,"column":2},"end":{"line":180,"column":null}},{"start":{"line":178,"column":2},"end":{"line":180,"column":null}}]},"18":{"loc":{"start":{"line":186,"column":2},"end":{"line":188,"column":null}},"type":"if","locations":[{"start":{"line":186,"column":2},"end":{"line":188,"column":null}},{"start":{"line":186,"column":2},"end":{"line":188,"column":null}}]},"19":{"loc":{"start":{"line":194,"column":4},"end":{"line":197,"column":null}},"type":"if","locations":[{"start":{"line":194,"column":4},"end":{"line":197,"column":null}},{"start":{"line":194,"column":4},"end":{"line":197,"column":null}}]}},"s":{"0":1,"1":1,"2":1,"3":1,"4":1,"5":1,"6":0,"7":0,"8":0,"9":0,"10":0,"11":1,"12":1,"13":0,"14":1,"15":1,"16":1,"17":8,"18":8,"19":1,"20":1,"21":1,"22":1,"23":1,"24":1,"25":0,"26":1,"27":1,"28":1,"29":1,"30":1,"31":1,"32":1,"33":0,"34":0,"35":0,"36":0,"37":0,"38":0,"39":0,"40":0,"41":0,"42":0,"43":0,"44":0,"45":0,"46":0,"47":0,"48":0,"49":0,"50":0,"51":0,"52":1,"53":0,"54":1},"f":{"0":1,"1":1,"2":0,"3":0},"b":{"0":[1,1],"1":[1,0],"2":[0,0],"3":[0,0],"4":[0,1],"5":[1,1],"6":[0,1],"7":[1,1],"8":[1,1],"9":[1,1],"10":[0,0],"11":[0,0],"12":[0,0],"13":[0,0],"14":[0,0],"15":[0,0],"16":[0,0],"17":[0,0],"18":[0,0],"19":[0,0]}}
}
