TN:
SF:src/hotp.ts
FN:17,digest
FN:92,hotpGenerate
FN:160,hotpVerifyDelta
FN:229,hotpVerify
FNF:4
FNH:2
FNDA:1,digest
FNDA:1,hotpGenerate
FNDA:0,hotpVerifyDelta
FNDA:0,hotpVerify
DA:1,1
DA:17,1
DA:21,1
DA:22,1
DA:23,1
DA:26,1
DA:27,1
DA:28,0
DA:29,0
DA:30,0
DA:31,0
DA:33,0
DA:42,1
DA:43,1
DA:44,0
DA:53,1
DA:54,1
DA:55,1
DA:57,8
DA:60,8
DA:64,1
DA:67,1
DA:70,1
DA:92,1
DA:94,1
DA:96,1
DA:97,0
DA:101,1
DA:104,1
DA:107,1
DA:111,1
DA:117,1
DA:120,1
DA:160,1
DA:164,0
DA:165,0
DA:166,0
DA:167,0
DA:168,0
DA:169,0
DA:172,0
DA:173,0
DA:174,0
DA:175,0
DA:178,0
DA:179,0
DA:183,0
DA:186,0
DA:187,0
DA:191,0
DA:192,0
DA:194,0
DA:196,0
DA:229,1
DA:230,0
LF:55
LH:28
BRDA:23,0,0,1
BRDA:23,0,1,1
BRDA:26,1,0,1
BRDA:26,1,1,0
BRDA:28,2,0,0
BRDA:28,2,1,0
BRDA:30,3,0,0
BRDA:30,3,1,0
BRDA:43,4,0,0
BRDA:43,4,1,1
BRDA:43,5,0,1
BRDA:43,5,1,1
BRDA:96,6,0,0
BRDA:96,6,1,1
BRDA:96,7,0,1
BRDA:96,7,1,1
BRDA:101,8,0,1
BRDA:101,8,1,1
BRDA:104,9,0,1
BRDA:104,9,1,1
BRDA:166,10,0,0
BRDA:166,10,1,0
BRDA:166,11,0,0
BRDA:166,11,1,0
BRDA:168,12,0,0
BRDA:168,12,1,0
BRDA:168,13,0,0
BRDA:168,13,1,0
BRDA:173,14,0,0
BRDA:173,14,1,0
BRDA:174,15,0,0
BRDA:174,15,1,0
BRDA:175,16,0,0
BRDA:175,16,1,0
BRDA:178,17,0,0
BRDA:178,17,1,0
BRDA:186,18,0,0
BRDA:186,18,1,0
BRDA:194,19,0,0
BRDA:194,19,1,0
BRF:40
BRH:13
end_of_record
