TN:
SF:src/utils.ts
FN:16,(anonymous_7)
FN:22,(anonymous_8)
FN:26,(anonymous_9)
FN:30,(anonymous_10)
FN:34,(anonymous_11)
FN:47,generateSecret
FN:68,generateSecretASCII
FNF:7
FNH:4
FNDA:1,(anonymous_7)
FNDA:2,(anonymous_8)
FNDA:0,(anonymous_9)
FNDA:0,(anonymous_10)
FNDA:0,(anonymous_11)
FNDA:1,generateSecret
FNDA:1,generateSecretASCII
DA:1,1
DA:2,1
DA:11,1
DA:17,1
DA:18,1
DA:19,1
DA:23,2
DA:27,0
DA:31,0
DA:35,0
DA:36,0
DA:47,1
DA:49,1
DA:50,1
DA:51,1
DA:52,1
DA:53,1
DA:56,1
DA:59,1
DA:61,1
DA:68,1
DA:69,1
DA:70,1
DA:71,1
DA:72,0
DA:75,1
DA:76,1
DA:77,32
DA:79,1
LF:29
LH:24
BRDA:49,0,0,1
BRDA:49,0,1,0
BRDA:50,1,0,1
BRDA:50,1,1,1
BRDA:51,2,0,1
BRDA:51,2,1,1
BRDA:52,3,0,1
BRDA:52,3,1,1
BRDA:53,4,0,1
BRDA:53,4,1,1
BRDA:69,5,0,1
BRDA:69,5,1,0
BRDA:71,6,0,0
BRDA:71,6,1,1
BRF:14
BRH:11
end_of_record
